<?xml version="1.0" encoding="UTF-8"?>
<!-- Generated by org.testng.reporters.JUnitXMLReporter -->
<testsuite ignored="0" hostname="MW-LT-045" failures="0" tests="7" name="Default test" time="16.074" errors="0" timestamp="2022-07-28T21:45:53 IST">
  <testcase classname="restAPI_Requests.GetUserData" name="getAllUserData" time="5.96"/>
  <testcase classname="restAPI_Requests.GetUserData" name="post_AddUser" time="3.415"/>
  <testcase classname="restAPI_Requests.GetUserData" name="post_changeId_DataType" time="1.103"/>
  <testcase classname="restAPI_Requests.GetUserData" name="delete_User" time="1.008"/>
  <testcase classname="restAPI_Requests.GetUserData" name="delete_User_Id_DataType_to_String" time="1.271"/>
  <testcase classname="restAPI_Requests.GetUserData" name="getUserById" time="1.119"/>
  <testcase classname="restAPI_Requests.GetUserData" name="getUserById_AddingRandom" time="0.964"/>
</testsuite> <!-- Default test -->
