<?xml version="1.0" encoding="UTF-8"?>
<!-- Generated by org.testng.reporters.JUnitXMLReporter -->
<testsuite ignored="0" hostname="MW-LT-045" failures="0" tests="7" name="RestAPITest" time="11.657" errors="0" timestamp="2022-07-28T21:43:49 IST">
  <testcase classname="restAPI_Requests.GetUserData" name="getAllUserData" time="4.271"/>
  <testcase classname="restAPI_Requests.GetUserData" name="post_AddUser" time="1.018"/>
  <testcase classname="restAPI_Requests.GetUserData" name="post_changeId_DataType" time="1.081"/>
  <testcase classname="restAPI_Requests.GetUserData" name="delete_User" time="1.104"/>
  <testcase classname="restAPI_Requests.GetUserData" name="delete_User_Id_DataType_to_String" time="1.079"/>
  <testcase classname="restAPI_Requests.GetUserData" name="getUserById" time="0.921"/>
  <testcase classname="restAPI_Requests.GetUserData" name="getUserById_AddingRandom" time="0.964"/>
</testsuite> <!-- RestAPITest -->
