<?xml version="1.0" encoding="UTF-8"?>
<!-- Generated by org.testng.reporters.JUnitXMLReporter -->
<testsuite ignored="0" hostname="MW-LT-045" failures="0" tests="7" name="RestAPITest" time="12.378" errors="0" timestamp="2022-08-01T15:57:44 IST">
  <testcase classname="restAPI_Requests.GetUserData" name="getAllUserData" time="3.827"/>
  <testcase classname="restAPI_Requests.GetUserData" name="post_AddUser" time="1.215"/>
  <testcase classname="restAPI_Requests.GetUserData" name="post_changeId_DataType" time="1.435"/>
  <testcase classname="restAPI_Requests.GetUserData" name="delete_User" time="1.125"/>
  <testcase classname="restAPI_Requests.GetUserData" name="delete_User_Id_DataType_to_String" time="1.196"/>
  <testcase classname="restAPI_Requests.GetUserData" name="getUserById" time="1.219"/>
  <testcase classname="restAPI_Requests.GetUserData" name="getUserById_AddingRandom" time="1.188"/>
</testsuite> <!-- RestAPITest -->
