<?xml version="1.0" encoding="UTF-8"?>
<!-- Generated by org.testng.reporters.JUnitXMLReporter -->
<testsuite ignored="0" hostname="MW-LT-045" failures="0" tests="6" name="Tests" time="10.661" errors="0" timestamp="2022-07-28T12:19:05 IST">
  <testcase classname="getRequest.GetUserData" name="delete_User" time="2.872"/>
  <testcase classname="getRequest.GetUserData" name="post_AddUser" time="2.107"/>
  <testcase classname="getRequest.GetUserData" name="post_changeId_DataType" time="1.068"/>
  <testcase classname="getRequest.GetUserData" name="getAllUserData" time="1.32"/>
  <testcase classname="getRequest.GetUserData" name="getUserById" time="0.987"/>
  <testcase classname="getRequest.GetUserData" name="getUserById_AddingRandom" time="1.176"/>
</testsuite> <!-- Tests -->
